<?xml version="1.0" encoding="UTF-8"?>
<!-- Generated by org.testng.reporters.JUnitXMLReporter -->
<testsuite ignored="6" hostname="backend-259-ub-lp" failures="0" tests="4" name="Actor" time="107.569" errors="0" timestamp="2025-05-16T14:33:15 IST">
  <testcase classname="testcase.LoginWithRetailerUser" name="LoginWithRetaileruser" time="32.997"/>
  <testcase classname="testcase.DeviceRegistrationTest" name="deviceRegistration" time="47.012"/>
  <testcase classname="testcase.Logout" name="logout" time="13.51"/>
  <testcase classname="testcase.Logout" name="TermSession" time="3.129"/>
  <testcase classname="base.setupbase" name="@BeforeTest setup" time="0.0">
    <ignored/>
  </testcase> <!-- @BeforeTest setup -->
  <testcase classname="base.setupbase" name="@BeforeSuite report" time="0.0">
    <ignored/>
  </testcase> <!-- @BeforeSuite report -->
  <testcase classname="base.setupbase" name="@AfterSuite flush" time="0.0">
    <ignored/>
  </testcase> <!-- @AfterSuite flush -->
  <testcase classname="base.setupbase" name="@BeforeSuite report" time="0.0">
    <ignored/>
  </testcase> <!-- @BeforeSuite report -->
  <testcase classname="base.setupbase" name="@BeforeTest setup" time="0.0">
    <ignored/>
  </testcase> <!-- @BeforeTest setup -->
  <testcase classname="base.setupbase" name="@AfterSuite flush" time="0.0">
    <ignored/>
  </testcase> <!-- @AfterSuite flush -->
</testsuite> <!-- Actor -->
