<?xml version="1.0" encoding="UTF-8"?>
<!-- Generated by org.testng.reporters.JUnitXMLReporter -->
<testsuite ignored="6" hostname="backend-259-ub-lp" failures="0" tests="4" name="Actor" time="63.99" errors="0" timestamp="2025-05-23T11:27:23 IST">
  <testcase classname="testcase.LoginTest" name="LoginWithSuperAdmin" time="23.111"/>
  <testcase classname="testcase.CreateRetailReseller" name="Retailer" time="22.912"/>
  <testcase classname="testcase.Logout" name="logout" time="11.024"/>
  <testcase classname="testcase.Logout" name="TermSession" time="3.117"/>
  <testcase classname="base.setupbase" name="@BeforeTest setup" time="0.0">
    <ignored/>
  </testcase> <!-- @BeforeTest setup -->
  <testcase classname="base.setupbase" name="@BeforeSuite report" time="0.0">
    <ignored/>
  </testcase> <!-- @BeforeSuite report -->
  <testcase classname="base.setupbase" name="@AfterSuite flush" time="0.0">
    <ignored/>
  </testcase> <!-- @AfterSuite flush -->
  <testcase classname="base.setupbase" name="@BeforeSuite report" time="0.0">
    <ignored/>
  </testcase> <!-- @BeforeSuite report -->
  <testcase classname="base.setupbase" name="@BeforeTest setup" time="0.0">
    <ignored/>
  </testcase> <!-- @BeforeTest setup -->
  <testcase classname="base.setupbase" name="@AfterSuite flush" time="0.0">
    <ignored/>
  </testcase> <!-- @AfterSuite flush -->
</testsuite> <!-- Actor -->
