<?xml version="1.0" encoding="UTF-8"?>
<!-- Generated by org.testng.reporters.JUnitXMLReporter -->
<testsuite ignored="9" hostname="backend-259-ub-lp" failures="0" tests="5" name="Admin" time="203.284" errors="0" timestamp="2025-05-13T19:32:24 IST">
  <testcase classname="testcase.LoginWithResellerUser" name="LoginWithDynamic" time="29.066"/>
  <testcase classname="testcase.CreateRetailer" name="createRetailer" time="66.822"/>
  <testcase classname="testcase.RetailerUserTest" name="RetailerUserCreate" time="79.886"/>
  <testcase classname="testcase.Logout" name="logout" time="13.712"/>
  <testcase classname="testcase.Logout" name="TermSession" time="3.204"/>
  <testcase classname="base.setupbase" name="@BeforeTest setup" time="0.0">
    <ignored/>
  </testcase> <!-- @BeforeTest setup -->
  <testcase classname="base.setupbase" name="@BeforeSuite report" time="0.0">
    <ignored/>
  </testcase> <!-- @BeforeSuite report -->
  <testcase classname="base.setupbase" name="@AfterSuite flush" time="0.0">
    <ignored/>
  </testcase> <!-- @AfterSuite flush -->
  <testcase classname="base.setupbase" name="@BeforeSuite report" time="0.0">
    <ignored/>
  </testcase> <!-- @BeforeSuite report -->
  <testcase classname="base.setupbase" name="@AfterSuite flush" time="0.0">
    <ignored/>
  </testcase> <!-- @AfterSuite flush -->
  <testcase classname="base.setupbase" name="@BeforeTest setup" time="0.0">
    <ignored/>
  </testcase> <!-- @BeforeTest setup -->
  <testcase classname="base.setupbase" name="@BeforeTest setup" time="0.0">
    <ignored/>
  </testcase> <!-- @BeforeTest setup -->
  <testcase classname="base.setupbase" name="@BeforeSuite report" time="0.0">
    <ignored/>
  </testcase> <!-- @BeforeSuite report -->
  <testcase classname="base.setupbase" name="@AfterSuite flush" time="0.0">
    <ignored/>
  </testcase> <!-- @AfterSuite flush -->
</testsuite> <!-- Admin -->
