<?xml version="1.0" encoding="UTF-8"?>
<!-- Generated by org.testng.reporters.JUnitXMLReporter -->
<testsuite ignored="9" hostname="backend-259-ub-lp" failures="0" tests="5" name="EndUser" time="160.566" errors="0" timestamp="2025-05-23T11:33:37 IST">
  <testcase classname="testcase.LoginWithRetailerUser" name="LoginWithRetaileruser" time="33.325"/>
  <testcase classname="testcase.CreateCustomer" name="endUserTest" time="67.902"/>
  <testcase classname="testcase.DeviceRegistrationTest" name="deviceRegistration" time="41.814"/>
  <testcase classname="testcase.Logout" name="logout" time="11.069"/>
  <testcase classname="testcase.Logout" name="TermSession" time="3.112"/>
  <testcase classname="base.setupbase" name="@BeforeTest setup" time="0.0">
    <ignored/>
  </testcase> <!-- @BeforeTest setup -->
  <testcase classname="base.setupbase" name="@BeforeSuite report" time="0.0">
    <ignored/>
  </testcase> <!-- @BeforeSuite report -->
  <testcase classname="base.setupbase" name="@AfterSuite flush" time="0.0">
    <ignored/>
  </testcase> <!-- @AfterSuite flush -->
  <testcase classname="base.setupbase" name="@BeforeSuite report" time="0.0">
    <ignored/>
  </testcase> <!-- @BeforeSuite report -->
  <testcase classname="base.setupbase" name="@AfterSuite flush" time="0.0">
    <ignored/>
  </testcase> <!-- @AfterSuite flush -->
  <testcase classname="base.setupbase" name="@BeforeSuite report" time="0.0">
    <ignored/>
  </testcase> <!-- @BeforeSuite report -->
  <testcase classname="base.setupbase" name="@BeforeTest setup" time="0.0">
    <ignored/>
  </testcase> <!-- @BeforeTest setup -->
  <testcase classname="base.setupbase" name="@AfterSuite flush" time="0.0">
    <ignored/>
  </testcase> <!-- @AfterSuite flush -->
  <testcase classname="base.setupbase" name="@BeforeTest setup" time="0.0">
    <ignored/>
  </testcase> <!-- @BeforeTest setup -->
</testsuite> <!-- EndUser -->
