<?xml version="1.0" encoding="UTF-8"?>
<!-- Generated by org.testng.reporters.JUnitXMLReporter -->
<testsuite ignored="6" hostname="backend-259-ub-lp" failures="0" tests="4" name="UserOfActor" time="98.685" errors="0" timestamp="2025-05-13T19:29:00 IST">
  <testcase classname="testcase.LoginTest" name="LoginWithSuperAdmin" time="25.44"/>
  <testcase classname="testcase.ResellerUser" name="Reseleruser" time="43.493"/>
  <testcase classname="testcase.Logout" name="logout" time="13.696"/>
  <testcase classname="testcase.Logout" name="TermSession" time="3.186"/>
  <testcase classname="base.setupbase" name="@BeforeSuite report" time="0.0">
    <ignored/>
  </testcase> <!-- @BeforeSuite report -->
  <testcase classname="base.setupbase" name="@BeforeTest setup" time="0.0">
    <ignored/>
  </testcase> <!-- @BeforeTest setup -->
  <testcase classname="base.setupbase" name="@AfterSuite flush" time="0.0">
    <ignored/>
  </testcase> <!-- @AfterSuite flush -->
  <testcase classname="base.setupbase" name="@BeforeTest setup" time="0.0">
    <ignored/>
  </testcase> <!-- @BeforeTest setup -->
  <testcase classname="base.setupbase" name="@BeforeSuite report" time="0.0">
    <ignored/>
  </testcase> <!-- @BeforeSuite report -->
  <testcase classname="base.setupbase" name="@AfterSuite flush" time="0.0">
    <ignored/>
  </testcase> <!-- @AfterSuite flush -->
</testsuite> <!-- UserOfActor -->
