<?xml version="1.0" encoding="UTF-8"?>
<!-- Generated by org.testng.reporters.JUnitXMLReporter -->
<testsuite ignored="6" hostname="backend-259-ub-lp" failures="0" tests="4" name="UserOfActor" time="71.986" errors="0" timestamp="2025-05-23T11:28:35 IST">
  <testcase classname="testcase.LoginTest" name="LoginWithSuperAdmin" time="26.43"/>
  <testcase classname="testcase.ResellerUser" name="Reseleruser" time="28.021"/>
  <testcase classname="testcase.Logout" name="logout" time="11.009"/>
  <testcase classname="testcase.Logout" name="TermSession" time="3.095"/>
  <testcase classname="base.setupbase" name="@BeforeSuite report" time="0.0">
    <ignored/>
  </testcase> <!-- @BeforeSuite report -->
  <testcase classname="base.setupbase" name="@BeforeTest setup" time="0.0">
    <ignored/>
  </testcase> <!-- @BeforeTest setup -->
  <testcase classname="base.setupbase" name="@AfterSuite flush" time="0.0">
    <ignored/>
  </testcase> <!-- @AfterSuite flush -->
  <testcase classname="base.setupbase" name="@BeforeTest setup" time="0.0">
    <ignored/>
  </testcase> <!-- @BeforeTest setup -->
  <testcase classname="base.setupbase" name="@BeforeSuite report" time="0.0">
    <ignored/>
  </testcase> <!-- @BeforeSuite report -->
  <testcase classname="base.setupbase" name="@AfterSuite flush" time="0.0">
    <ignored/>
  </testcase> <!-- @AfterSuite flush -->
</testsuite> <!-- UserOfActor -->
