<?xml version="1.0" encoding="UTF-8"?>
<testng-results ignored="0" total="18" passed="18" failed="0" skipped="0">
  <reporter-output>
  </reporter-output>
  <suite started-at="2025-05-23T11:26:19 IST" name="Suite" finished-at="2025-05-23T11:33:37 IST" duration-ms="437347">
    <groups>
    </groups>
    <test started-at="2025-05-23T11:26:19 IST" name="Actor" finished-at="2025-05-23T11:27:23 IST" duration-ms="63990">
      <class name="testcase.LoginTest">
        <test-method is-config="true" signature="setup()[pri:0, instance:testcase.LoginTest@1e81f160]" started-at="2025-05-23T11:26:19 IST" name="setup" finished-at="2025-05-23T11:26:23 IST" duration-ms="3712" status="PASS">
          <reporter-output>
          </reporter-output>
        </test-method> <!-- setup -->
        <test-method signature="LoginWithSuperAdmin()[pri:1, instance:testcase.LoginTest@1e81f160]" started-at="2025-05-23T11:26:23 IST" name="LoginWithSuperAdmin" finished-at="2025-05-23T11:26:46 IST" duration-ms="23111" status="PASS">
          <reporter-output>
          </reporter-output>
        </test-method> <!-- LoginWithSuperAdmin -->
      </class> <!-- testcase.LoginTest -->
      <class name="testcase.Logout">
        <test-method signature="logout()[pri:1, instance:testcase.Logout@58594a11]" started-at="2025-05-23T11:27:09 IST" name="logout" finished-at="2025-05-23T11:27:20 IST" duration-ms="11024" status="PASS">
          <reporter-output>
          </reporter-output>
        </test-method> <!-- logout -->
        <test-method signature="TermSession()[pri:2, instance:testcase.Logout@58594a11]" started-at="2025-05-23T11:27:20 IST" name="TermSession" finished-at="2025-05-23T11:27:23 IST" duration-ms="3117" status="PASS">
          <reporter-output>
          </reporter-output>
        </test-method> <!-- TermSession -->
      </class> <!-- testcase.Logout -->
      <class name="testcase.CreateRetailReseller">
        <test-method signature="Retailer()[pri:1, instance:testcase.CreateRetailReseller@6c372fe6]" started-at="2025-05-23T11:26:46 IST" name="Retailer" finished-at="2025-05-23T11:27:09 IST" duration-ms="22912" status="PASS">
          <reporter-output>
          </reporter-output>
        </test-method> <!-- Retailer -->
      </class> <!-- testcase.CreateRetailReseller -->
    </test> <!-- Actor -->
    <test started-at="2025-05-23T11:27:23 IST" name="UserOfActor" finished-at="2025-05-23T11:28:35 IST" duration-ms="71986">
      <class name="testcase.LoginTest">
        <test-method is-config="true" signature="setup()[pri:0, instance:testcase.LoginTest@13d4992d]" started-at="2025-05-23T11:27:23 IST" name="setup" finished-at="2025-05-23T11:27:27 IST" duration-ms="3416" status="PASS">
          <reporter-output>
          </reporter-output>
        </test-method> <!-- setup -->
        <test-method signature="LoginWithSuperAdmin()[pri:1, instance:testcase.LoginTest@13d4992d]" started-at="2025-05-23T11:27:27 IST" name="LoginWithSuperAdmin" finished-at="2025-05-23T11:27:53 IST" duration-ms="26430" status="PASS">
          <reporter-output>
          </reporter-output>
        </test-method> <!-- LoginWithSuperAdmin -->
      </class> <!-- testcase.LoginTest -->
      <class name="testcase.Logout">
        <test-method signature="logout()[pri:1, instance:testcase.Logout@75d2da2d]" started-at="2025-05-23T11:28:21 IST" name="logout" finished-at="2025-05-23T11:28:32 IST" duration-ms="11009" status="PASS">
          <reporter-output>
          </reporter-output>
        </test-method> <!-- logout -->
        <test-method signature="TermSession()[pri:2, instance:testcase.Logout@75d2da2d]" started-at="2025-05-23T11:28:32 IST" name="TermSession" finished-at="2025-05-23T11:28:35 IST" duration-ms="3095" status="PASS">
          <reporter-output>
          </reporter-output>
        </test-method> <!-- TermSession -->
      </class> <!-- testcase.Logout -->
      <class name="testcase.ResellerUser">
        <test-method signature="Reseleruser()[pri:1, instance:testcase.ResellerUser@332729ad]" started-at="2025-05-23T11:27:53 IST" name="Reseleruser" description="Create a reseller user under an existing reseller and validate it." finished-at="2025-05-23T11:28:21 IST" duration-ms="28021" status="PASS">
          <reporter-output>
          </reporter-output>
        </test-method> <!-- Reseleruser -->
      </class> <!-- testcase.ResellerUser -->
    </test> <!-- UserOfActor -->
    <test started-at="2025-05-23T11:28:35 IST" name="Admin" finished-at="2025-05-23T11:30:56 IST" duration-ms="140762">
      <class name="testcase.LoginWithResellerUser">
        <test-method is-config="true" signature="setup()[pri:0, instance:testcase.LoginWithResellerUser@282cb7c7]" started-at="2025-05-23T11:28:35 IST" name="setup" finished-at="2025-05-23T11:28:39 IST" duration-ms="3294" status="PASS">
          <reporter-output>
          </reporter-output>
        </test-method> <!-- setup -->
        <test-method signature="LoginWithDynamic()[pri:0, instance:testcase.LoginWithResellerUser@282cb7c7]" started-at="2025-05-23T11:28:39 IST" name="LoginWithDynamic" finished-at="2025-05-23T11:29:03 IST" duration-ms="24447" status="PASS">
          <reporter-output>
          </reporter-output>
        </test-method> <!-- LoginWithDynamic -->
      </class> <!-- testcase.LoginWithResellerUser -->
      <class name="testcase.RetailerUserTest">
        <test-method signature="RetailerUserCreate()[pri:0, instance:testcase.RetailerUserTest@48d61b48]" started-at="2025-05-23T11:29:57 IST" name="RetailerUserCreate" finished-at="2025-05-23T11:30:42 IST" duration-ms="44649" status="PASS">
          <reporter-output>
          </reporter-output>
        </test-method> <!-- RetailerUserCreate -->
      </class> <!-- testcase.RetailerUserTest -->
      <class name="testcase.Logout">
        <test-method signature="logout()[pri:1, instance:testcase.Logout@68d279ec]" started-at="2025-05-23T11:30:42 IST" name="logout" finished-at="2025-05-23T11:30:53 IST" duration-ms="10905" status="PASS">
          <reporter-output>
          </reporter-output>
        </test-method> <!-- logout -->
        <test-method signature="TermSession()[pri:2, instance:testcase.Logout@68d279ec]" started-at="2025-05-23T11:30:53 IST" name="TermSession" finished-at="2025-05-23T11:30:56 IST" duration-ms="3111" status="PASS">
          <reporter-output>
          </reporter-output>
        </test-method> <!-- TermSession -->
      </class> <!-- testcase.Logout -->
      <class name="testcase.CreateRetailer">
        <test-method signature="createRetailer()[pri:0, instance:testcase.CreateRetailer@7d898981]" started-at="2025-05-23T11:29:03 IST" name="createRetailer" finished-at="2025-05-23T11:29:57 IST" duration-ms="54344" status="PASS">
          <reporter-output>
          </reporter-output>
        </test-method> <!-- createRetailer -->
      </class> <!-- testcase.CreateRetailer -->
    </test> <!-- Admin -->
    <test started-at="2025-05-23T11:30:56 IST" name="EndUser" finished-at="2025-05-23T11:33:37 IST" duration-ms="160566">
      <class name="testcase.DeviceRegistrationTest">
        <test-method signature="deviceRegistration()[pri:0, instance:testcase.DeviceRegistrationTest@7d286fb6]" started-at="2025-05-23T11:32:41 IST" name="deviceRegistration" finished-at="2025-05-23T11:33:22 IST" duration-ms="41814" status="PASS">
          <reporter-output>
          </reporter-output>
        </test-method> <!-- deviceRegistration -->
      </class> <!-- testcase.DeviceRegistrationTest -->
      <class name="testcase.CreateCustomer">
        <test-method signature="endUserTest()[pri:0, instance:testcase.CreateCustomer@48793bef]" started-at="2025-05-23T11:31:33 IST" name="endUserTest" finished-at="2025-05-23T11:32:41 IST" duration-ms="67902" status="PASS">
          <reporter-output>
          </reporter-output>
        </test-method> <!-- endUserTest -->
      </class> <!-- testcase.CreateCustomer -->
      <class name="testcase.Logout">
        <test-method signature="logout()[pri:1, instance:testcase.Logout@3eb77ea8]" started-at="2025-05-23T11:33:22 IST" name="logout" finished-at="2025-05-23T11:33:33 IST" duration-ms="11069" status="PASS">
          <reporter-output>
          </reporter-output>
        </test-method> <!-- logout -->
        <test-method signature="TermSession()[pri:2, instance:testcase.Logout@3eb77ea8]" started-at="2025-05-23T11:33:33 IST" name="TermSession" finished-at="2025-05-23T11:33:37 IST" duration-ms="3112" status="PASS">
          <reporter-output>
          </reporter-output>
        </test-method> <!-- TermSession -->
      </class> <!-- testcase.Logout -->
      <class name="testcase.LoginWithRetailerUser">
        <test-method is-config="true" signature="report()[pri:0, instance:testcase.LoginWithRetailerUser@71e693fa]" started-at="2025-05-23T11:26:19 IST" name="report" finished-at="2025-05-23T11:26:19 IST" duration-ms="276" status="PASS">
          <reporter-output>
          </reporter-output>
        </test-method> <!-- report -->
        <test-method is-config="true" signature="setup()[pri:0, instance:testcase.LoginWithRetailerUser@71e693fa]" started-at="2025-05-23T11:30:56 IST" name="setup" finished-at="2025-05-23T11:30:59 IST" duration-ms="3324" status="PASS">
          <reporter-output>
          </reporter-output>
        </test-method> <!-- setup -->
        <test-method signature="LoginWithRetaileruser()[pri:0, instance:testcase.LoginWithRetailerUser@71e693fa]" started-at="2025-05-23T11:30:59 IST" name="LoginWithRetaileruser" finished-at="2025-05-23T11:31:33 IST" duration-ms="33325" status="PASS">
          <reporter-output>
          </reporter-output>
        </test-method> <!-- LoginWithRetaileruser -->
        <test-method is-config="true" signature="flush()[pri:0, instance:testcase.LoginWithRetailerUser@71e693fa]" started-at="2025-05-23T11:33:37 IST" name="flush" finished-at="2025-05-23T11:33:37 IST" duration-ms="341" status="PASS">
          <reporter-output>
          </reporter-output>
        </test-method> <!-- flush -->
      </class> <!-- testcase.LoginWithRetailerUser -->
    </test> <!-- EndUser -->
  </suite> <!-- Suite -->
</testng-results>
